Using pre-set license

 COMMAND LINE ARGUMENTS:
/Applications/Unity/Hub/Editor/2021.1.1f1/Unity.app/Contents/MacOS/Unity
-adb2
-batchMode
-noUpm
-name
AssetImportWorker0
-projectPath
/Users/gkirii/Unity_Projects/VoxelRenderer
-logFile
Logs/AssetImportWorker0.log
-srvPort
56222
Successfully changed project path to: /Users/gkirii/Unity_Projects/VoxelRenderer
/Users/gkirii/Unity_Projects/VoxelRenderer
Using Asset Import Pipeline V2.
Refreshing native plugins compatible for Editor in 225.16 ms, found 1 plugins.
Preloading 0 native plugins for Editor in 0.00 ms.
Initialize engine version: 2021.1.1f1 (6fdc41dfa55a)
[Subsystems] Discovering subsystems at path /Applications/Unity/Hub/Editor/2021.1.1f1/Unity.app/Contents/Resources/UnitySubsystems
[Subsystems] Discovering subsystems at path /Users/gkirii/Unity_Projects/VoxelRenderer/Assets
GfxDevice: creating device client; threaded=0; jobified=0
2021-05-26 11:06:09.423 Unity[52490:715612] Color LCD preferred device: Intel(R) Iris(TM) Plus Graphics (low power)
2021-05-26 11:06:09.423 Unity[52490:715612] Metal devices available: 1
2021-05-26 11:06:09.423 Unity[52490:715612] 0: Intel(R) Iris(TM) Plus Graphics (low power)
2021-05-26 11:06:09.424 Unity[52490:715612] Using device Intel(R) Iris(TM) Plus Graphics (low power)
Initializing Metal device caps: Intel(R) Iris(TM) Plus Graphics
Shader 'Universal Render Pipeline/Particles/Lit': fallback shader 'Universal Render Pipeline/Particles/SimpleLit' not found
Initialize mono
Mono path[0] = '/Applications/Unity/Hub/Editor/2021.1.1f1/Unity.app/Contents/Managed'
Mono path[1] = '/Applications/Unity/Hub/Editor/2021.1.1f1/Unity.app/Contents/MonoBleedingEdge/lib/mono/unityjit'
Mono config path = '/Applications/Unity/Hub/Editor/2021.1.1f1/Unity.app/Contents/MonoBleedingEdge/etc'
Using monoOptions --debugger-agent=transport=dt_socket,embedding=1,server=y,suspend=n,address=127.0.0.1:56490
Begin MonoManager ReloadAssembly
Registering precompiled unity dll's ...
Register platform support module: /Applications/Unity/Hub/Editor/2021.1.1f1/PlaybackEngines/WebGLSupport/UnityEditor.WebGL.Extensions.dll
Register platform support module: /Applications/Unity/Hub/Editor/2021.1.1f1/Unity.app/Contents/PlaybackEngines/MacStandaloneSupport/UnityEditor.OSXStandalone.Extensions.dll
Registered in 0.004487 seconds.
Native extension for OSXStandalone target not found
Native extension for WebGL target not found
Refreshing native plugins compatible for Editor in 122.44 ms, found 1 plugins.
Preloading 0 native plugins for Editor in 0.00 ms.
Mono: successfully reloaded assembly
- Completed reload, in  3.323 seconds
Platform modules already initialized, skipping
Registering precompiled user dll's ...
Registered in 0.013182 seconds.
Begin MonoManager ReloadAssembly
Native extension for OSXStandalone target not found
Native extension for WebGL target not found
Refreshing native plugins compatible for Editor in 147.42 ms, found 1 plugins.
Preloading 0 native plugins for Editor in 0.00 ms.
Mono: successfully reloaded assembly
- Completed reload, in  1.730 seconds
Platform modules already initialized, skipping
========================================================================
Worker process is ready to serve import requests
Shader 'Universal Render Pipeline/Particles/Lit': fallback shader 'Universal Render Pipeline/Particles/SimpleLit' not found
Launching external process: /Applications/Unity/Hub/Editor/2021.1.1f1/Unity.app/Contents/Tools/UnityShaderCompiler
Launched and connected shader compiler UnityShaderCompiler after 0.05 seconds
Refreshing native plugins compatible for Editor in 1.48 ms, found 1 plugins.
Preloading 0 native plugins for Editor in 0.00 ms.
Unloading 3990 Unused Serialized files (Serialized files now loaded: 0)
System memory in use before: 239.9 MB.
System memory in use after: 240.1 MB.

Unloading 14 unused Assets to reduce memory usage. Loaded Objects now: 4444.
Total: 4.941608 ms (FindLiveObjects: 0.524045 ms CreateObjectMapping: 0.229795 ms MarkObjects: 4.064413 ms  DeleteObjects: 0.119540 ms)

========================================================================
Received Import Request.
  path: Assets/Sample.unity
  artifactKey: Guid(d180516cee14c465a83d85a0d50b6778) Importer(815301076,1909f56bfc062723c751e8b465ee728b)
Start importing Assets/Sample.unity using Guid(d180516cee14c465a83d85a0d50b6778) Importer(815301076,1909f56bfc062723c751e8b465ee728b)  -> (artifact id: '7e3b0b2b750daa3d081dce115d27e65b') in 0.029112 seconds 
========================================================================
Received Import Request.
  Time since last request: 50.694698 seconds.
  path: Assets/GPUSample.unity
  artifactKey: Guid(d180516cee14c465a83d85a0d50b6778) Importer(815301076,1909f56bfc062723c751e8b465ee728b)
Start importing Assets/GPUSample.unity using Guid(d180516cee14c465a83d85a0d50b6778) Importer(815301076,1909f56bfc062723c751e8b465ee728b)  -> (artifact id: '21d0c0a0b8c3e28916033decfb9cb232') in 0.002998 seconds 
========================================================================
Received Import Request.
  Time since last request: 37.835767 seconds.
  path: Assets/CPUSample.unity
  artifactKey: Guid(8edb1fcdaa5e844e2a52c653bc49b80f) Importer(815301076,1909f56bfc062723c751e8b465ee728b)
Start importing Assets/CPUSample.unity using Guid(8edb1fcdaa5e844e2a52c653bc49b80f) Importer(815301076,1909f56bfc062723c751e8b465ee728b)  -> (artifact id: '82e2ca393d323adabddfd150b800ae44') in 0.002427 seconds 
========================================================================
Received Prepare
Registering precompiled user dll's ...
Registered in 0.001989 seconds.
Begin MonoManager ReloadAssembly
Native extension for OSXStandalone target not found
Native extension for WebGL target not found
Refreshing native plugins compatible for Editor in 0.63 ms, found 1 plugins.
Preloading 0 native plugins for Editor in 0.00 ms.
Mono: successfully reloaded assembly
- Completed reload, in  1.248 seconds
Platform modules already initialized, skipping
Shader 'Universal Render Pipeline/Particles/Lit': fallback shader 'Universal Render Pipeline/Particles/SimpleLit' not found
Refreshing native plugins compatible for Editor in 0.75 ms, found 1 plugins.
Preloading 0 native plugins for Editor in 0.00 ms.
Unloading 3880 Unused Serialized files (Serialized files now loaded: 0)
System memory in use before: 233.0 MB.
System memory in use after: 233.2 MB.

Unloading 9 unused Assets to reduce memory usage. Loaded Objects now: 4447.
Total: 2.428957 ms (FindLiveObjects: 0.394995 ms CreateObjectMapping: 0.147813 ms MarkObjects: 1.851861 ms  DeleteObjects: 0.033007 ms)

========================================================================
Received Import Request.
  Time since last request: 248.492930 seconds.
  path: Assets/Voxel/CpuVoxelRenderer.cs
  artifactKey: Guid(6800df1b3326b46b8936a4c8e6ba911d) Importer(815301076,1909f56bfc062723c751e8b465ee728b)
Start importing Assets/Voxel/CpuVoxelRenderer.cs using Guid(6800df1b3326b46b8936a4c8e6ba911d) Importer(815301076,1909f56bfc062723c751e8b465ee728b)  -> (artifact id: '564286526f5d27e012e098a028fa8b4c') in 0.433631 seconds 
========================================================================
Received Import Request.
  Time since last request: 36.656268 seconds.
  path: Assets/Voxel/ForCPUVoxel
  artifactKey: Guid(3803062ec29114220a2cc19e1d279282) Importer(815301076,1909f56bfc062723c751e8b465ee728b)
Start importing Assets/Voxel/ForCPUVoxel using Guid(3803062ec29114220a2cc19e1d279282) Importer(815301076,1909f56bfc062723c751e8b465ee728b)  -> (artifact id: '15fc38f00c62133917cb680c682a4aae') in 0.003297 seconds 
========================================================================
Received Prepare
Registering precompiled user dll's ...
Registered in 0.001750 seconds.
Begin MonoManager ReloadAssembly
Native extension for OSXStandalone target not found
Native extension for WebGL target not found
Refreshing native plugins compatible for Editor in 0.91 ms, found 1 plugins.
Preloading 0 native plugins for Editor in 0.00 ms.
Mono: successfully reloaded assembly
- Completed reload, in  1.248 seconds
Platform modules already initialized, skipping
Shader 'Universal Render Pipeline/Particles/Lit': fallback shader 'Universal Render Pipeline/Particles/SimpleLit' not found
Refreshing native plugins compatible for Editor in 0.77 ms, found 1 plugins.
Preloading 0 native plugins for Editor in 0.00 ms.
Unloading 3880 Unused Serialized files (Serialized files now loaded: 0)
System memory in use before: 237.8 MB.
System memory in use after: 238.0 MB.

Unloading 9 unused Assets to reduce memory usage. Loaded Objects now: 4450.
Total: 2.939738 ms (FindLiveObjects: 0.364544 ms CreateObjectMapping: 0.176190 ms MarkObjects: 2.370735 ms  DeleteObjects: 0.026250 ms)

========================================================================
Received Import Request.
  Time since last request: 19.473436 seconds.
  path: Assets/Voxel/ForCPUVoxel/ForGPUVoxel
  artifactKey: Guid(0666d2417b90e4deebeedaa47e0be30e) Importer(815301076,1909f56bfc062723c751e8b465ee728b)
Start importing Assets/Voxel/ForCPUVoxel/ForGPUVoxel using Guid(0666d2417b90e4deebeedaa47e0be30e) Importer(815301076,1909f56bfc062723c751e8b465ee728b)  -> (artifact id: 'f332e2bad86e588218cacd8ab1ee95cf') in 0.009186 seconds 
========================================================================
Received Prepare
Registering precompiled user dll's ...
Registered in 0.001582 seconds.
Begin MonoManager ReloadAssembly
Native extension for OSXStandalone target not found
Native extension for WebGL target not found
Refreshing native plugins compatible for Editor in 0.72 ms, found 1 plugins.
Preloading 0 native plugins for Editor in 0.00 ms.
Mono: successfully reloaded assembly
- Completed reload, in  1.182 seconds
Platform modules already initialized, skipping
Shader 'Universal Render Pipeline/Particles/Lit': fallback shader 'Universal Render Pipeline/Particles/SimpleLit' not found
Refreshing native plugins compatible for Editor in 0.84 ms, found 1 plugins.
Preloading 0 native plugins for Editor in 0.00 ms.
Unloading 3880 Unused Serialized files (Serialized files now loaded: 0)
System memory in use before: 238.1 MB.
System memory in use after: 238.3 MB.

Unloading 9 unused Assets to reduce memory usage. Loaded Objects now: 4453.
Total: 2.440807 ms (FindLiveObjects: 0.296862 ms CreateObjectMapping: 0.159214 ms MarkObjects: 1.961922 ms  DeleteObjects: 0.020828 ms)

========================================================================
Received Prepare
Registering precompiled user dll's ...
Registered in 0.001601 seconds.
Begin MonoManager ReloadAssembly
Native extension for OSXStandalone target not found
Native extension for WebGL target not found
Refreshing native plugins compatible for Editor in 0.68 ms, found 1 plugins.
Preloading 0 native plugins for Editor in 0.00 ms.
Mono: successfully reloaded assembly
- Completed reload, in  1.222 seconds
Platform modules already initialized, skipping
Shader 'Universal Render Pipeline/Particles/Lit': fallback shader 'Universal Render Pipeline/Particles/SimpleLit' not found
Refreshing native plugins compatible for Editor in 0.72 ms, found 1 plugins.
Preloading 0 native plugins for Editor in 0.00 ms.
Unloading 3880 Unused Serialized files (Serialized files now loaded: 0)
System memory in use before: 238.4 MB.
System memory in use after: 238.7 MB.

Unloading 9 unused Assets to reduce memory usage. Loaded Objects now: 4456.
Total: 2.826632 ms (FindLiveObjects: 0.362797 ms CreateObjectMapping: 0.168894 ms MarkObjects: 2.268776 ms  DeleteObjects: 0.024085 ms)

========================================================================
Received Import Request.
  Time since last request: 59.330528 seconds.
  path: Assets/Voxel/Models/Hip Hop Dancing.fbx
  artifactKey: Guid(8c8be4aeb90504d9e98174e38be63685) Importer(815301076,1909f56bfc062723c751e8b465ee728b)
Start importing Assets/Voxel/Models/Hip Hop Dancing.fbx using Guid(8c8be4aeb90504d9e98174e38be63685) Importer(815301076,1909f56bfc062723c751e8b465ee728b)  -> (artifact id: '7eb76de6198d4757a392350f0631f04c') in 1.151818 seconds 
========================================================================
Received Import Request.
  Time since last request: 0.000252 seconds.
  path: Assets/Voxel/Models/dance.controller
  artifactKey: Guid(ab9057834b74b42eb8ce0b5f7b3e320a) Importer(815301076,1909f56bfc062723c751e8b465ee728b)
Start importing Assets/Voxel/Models/dance.controller using Guid(ab9057834b74b42eb8ce0b5f7b3e320a) Importer(815301076,1909f56bfc062723c751e8b465ee728b)  -> (artifact id: 'cd58addce7495dc2055c9bfd7a8c6ee2') in 0.908442 seconds 
========================================================================
Received Import Request.
  Time since last request: 0.000240 seconds.
  path: Assets/Voxel/Models/bunny.obj
  artifactKey: Guid(7c35cf05989b54156955ceb346ca23d0) Importer(815301076,1909f56bfc062723c751e8b465ee728b)
Start importing Assets/Voxel/Models/bunny.obj using Guid(7c35cf05989b54156955ceb346ca23d0) Importer(815301076,1909f56bfc062723c751e8b465ee728b)  -> (artifact id: 'c10be197697d6ccf20f6d2341aa40772') in 1.836395 seconds 
========================================================================
Received Import Request.
  Time since last request: 53.326215 seconds.
  path: Assets/Scripts/SimpleCameraController.cs
  artifactKey: Guid(be76e5f14cfee674cb30b491fb72b09b) Importer(815301076,1909f56bfc062723c751e8b465ee728b)
Start importing Assets/Scripts/SimpleCameraController.cs using Guid(be76e5f14cfee674cb30b491fb72b09b) Importer(815301076,1909f56bfc062723c751e8b465ee728b)  -> (artifact id: 'e5a62f238d4f973d664d14474f6c6742') in 0.006608 seconds 
========================================================================
Received Prepare
Registering precompiled user dll's ...
Registered in 0.003095 seconds.
Begin MonoManager ReloadAssembly
Native extension for OSXStandalone target not found
Native extension for WebGL target not found
Refreshing native plugins compatible for Editor in 0.64 ms, found 1 plugins.
Preloading 0 native plugins for Editor in 0.00 ms.
Mono: successfully reloaded assembly
- Completed reload, in  1.311 seconds
Platform modules already initialized, skipping
Shader 'Universal Render Pipeline/Particles/Lit': fallback shader 'Universal Render Pipeline/Particles/SimpleLit' not found
Refreshing native plugins compatible for Editor in 0.95 ms, found 1 plugins.
Preloading 0 native plugins for Editor in 0.00 ms.
Unloading 3879 Unused Serialized files (Serialized files now loaded: 0)
System memory in use before: 273.7 MB.
System memory in use after: 273.9 MB.

Unloading 10 unused Assets to reduce memory usage. Loaded Objects now: 4540.
Total: 4.170106 ms (FindLiveObjects: 0.461932 ms CreateObjectMapping: 0.277435 ms MarkObjects: 3.391686 ms  DeleteObjects: 0.035394 ms)

========================================================================
Received Import Request.
  Time since last request: 63.880299 seconds.
  path: Assets/Voxel/ForCPUVoxel/CPUSample.unity
  artifactKey: Guid(8edb1fcdaa5e844e2a52c653bc49b80f) Importer(815301076,1909f56bfc062723c751e8b465ee728b)
Start importing Assets/Voxel/ForCPUVoxel/CPUSample.unity using Guid(8edb1fcdaa5e844e2a52c653bc49b80f) Importer(815301076,1909f56bfc062723c751e8b465ee728b)  -> (artifact id: 'f44e50dd214f13d4fc1a15a43363e910') in 0.027775 seconds 
========================================================================
Received Import Request.
  Time since last request: 322.544159 seconds.
  path: Assets/Voxel/ForGPUVoxel/GpuVoxelRenderer.cs
  artifactKey: Guid(2cb1d180a7daa4be7bf09b6af39a2dd6) Importer(815301076,1909f56bfc062723c751e8b465ee728b)
Start importing Assets/Voxel/ForGPUVoxel/GpuVoxelRenderer.cs using Guid(2cb1d180a7daa4be7bf09b6af39a2dd6) Importer(815301076,1909f56bfc062723c751e8b465ee728b)  -> (artifact id: '2cf363914112ccdc0dc484863851649b') in 0.005196 seconds 
========================================================================
Received Prepare
Registering precompiled user dll's ...
Registered in 0.004219 seconds.
Begin MonoManager ReloadAssembly
Native extension for OSXStandalone target not found
Native extension for WebGL target not found
Refreshing native plugins compatible for Editor in 0.81 ms, found 1 plugins.
Preloading 0 native plugins for Editor in 0.00 ms.
Mono: successfully reloaded assembly
- Completed reload, in  1.528 seconds
Platform modules already initialized, skipping
Shader 'Universal Render Pipeline/Particles/Lit': fallback shader 'Universal Render Pipeline/Particles/SimpleLit' not found
Refreshing native plugins compatible for Editor in 0.88 ms, found 1 plugins.
Preloading 0 native plugins for Editor in 0.00 ms.
Unloading 3879 Unused Serialized files (Serialized files now loaded: 0)
System memory in use before: 273.9 MB.
System memory in use after: 274.2 MB.

Unloading 9 unused Assets to reduce memory usage. Loaded Objects now: 4543.
Total: 4.836080 ms (FindLiveObjects: 0.516017 ms CreateObjectMapping: 0.308026 ms MarkObjects: 3.949339 ms  DeleteObjects: 0.060530 ms)

========================================================================
Received Import Request.
  Time since last request: 40.283711 seconds.
  path: Assets/Voxel/ForGPUVoxel/GpuVoxelRenderer.cs
  artifactKey: Guid(2cb1d180a7daa4be7bf09b6af39a2dd6) Importer(815301076,1909f56bfc062723c751e8b465ee728b)
Start importing Assets/Voxel/ForGPUVoxel/GpuVoxelRenderer.cs using Guid(2cb1d180a7daa4be7bf09b6af39a2dd6) Importer(815301076,1909f56bfc062723c751e8b465ee728b)  -> (artifact id: 'a5d75fe06d0497e4364a0669e5371a9e') in 0.011975 seconds 
========================================================================
Received Import Request.
  Time since last request: 282.149690 seconds.
  path: Assets/Voxel/ForGPUVoxel/VoxelRenderer.cs
  artifactKey: Guid(8e71ad88d016541698aeda17a4051ab4) Importer(815301076,1909f56bfc062723c751e8b465ee728b)
Start importing Assets/Voxel/ForGPUVoxel/VoxelRenderer.cs using Guid(8e71ad88d016541698aeda17a4051ab4) Importer(815301076,1909f56bfc062723c751e8b465ee728b)  -> (artifact id: '447e6253f54d01b60a839323a0d080bd') in 0.001646 seconds 
